<?xml version="1.0" encoding="UTF-8"?>
<!-- Generated by org.testng.reporters.JUnitReportReporter -->
<testsuite hostname="BAKKEDEVICE" failures="0" tests="2" name="com.mystore.testcases.HomePageTest" time="53.895" errors="0" timestamp="2022-11-06T21:41:51 IST" skipped="0">
  <testcase classname="com.mystore.testcases.HomePageTest" name="wishListTest" time="30.652"/>
  <system-out/>
  <testcase classname="com.mystore.testcases.HomePageTest" name="orderHistoryDetailsTest" time="23.243"/>
  <system-out/>
</testsuite> <!-- com.mystore.testcases.HomePageTest -->
