<?xml version="1.0" encoding="UTF-8"?>
<!-- Generated by org.testng.reporters.JUnitReportReporter -->
<testsuite hostname="BAKKEDEVICE" failures="0" tests="1" name="com.mystore.testcases.AccountCreationPageTest" time="29.151" errors="0" timestamp="2022-11-06T21:51:52 IST" skipped="0">
  <testcase classname="com.mystore.testcases.AccountCreationPageTest" name="verifyCreateAccountPageTest" time="29.151"/>
  <system-out/>
</testsuite> <!-- com.mystore.testcases.AccountCreationPageTest -->
