<?xml version="1.0" encoding="UTF-8"?>
<!-- Generated by org.testng.reporters.JUnitReportReporter -->
<testsuite hostname="BAKKEDEVICE" failures="0" tests="1" name="com.mystore.testcases.LoginPageTest" time="60.248" errors="0" timestamp="2022-11-06T21:35:29 IST" skipped="0">
  <testcase classname="com.mystore.testcases.LoginPageTest" name="loginTest" time="60.248"/>
  <system-out/>
</testsuite> <!-- com.mystore.testcases.LoginPageTest -->
