<?xml version="1.0" encoding="UTF-8"?>
<!-- Generated by org.testng.reporters.JUnitReportReporter -->
<testsuite hostname="BAKKEDEVICE" failures="0" tests="2" name="com.mystore.testcases.IndexPageTest" time="34.378" errors="0" timestamp="2022-11-06T21:23:54 IST" skipped="0">
  <testcase classname="com.mystore.testcases.IndexPageTest" name="verifyLogo" time="13.185"/>
  <system-out/>
  <testcase classname="com.mystore.testcases.IndexPageTest" name="verifyTitle" time="21.193"/>
  <system-out/>
</testsuite> <!-- com.mystore.testcases.IndexPageTest -->
